			Add(new XmlQualifiedName("Alignment", "urn:schemas-markthreesoftware-com:stylesheet"), Token.Alignment);
			Add(new XmlQualifiedName("Animation", "urn:schemas-markthreesoftware-com:stylesheet"), Token.Animation);
			Add(new XmlQualifiedName("Border", "urn:schemas-markthreesoftware-com:stylesheet"), Token.Border);
			Add(new XmlQualifiedName("Borders", "urn:schemas-markthreesoftware-com:stylesheet"), Token.Borders);
			Add(new XmlQualifiedName("Cell", "urn:schemas-markthreesoftware-com:stylesheet"), Token.Cell);
			Add(new XmlQualifiedName("Column", "urn:schemas-markthreesoftware-com:stylesheet"), Token.Column);
			Add(new XmlQualifiedName("ColumnReference", "urn:schemas-markthreesoftware-com:stylesheet"), Token.ColumnReference);
			Add(new XmlQualifiedName("Columns", "urn:schemas-markthreesoftware-com:stylesheet"), Token.Columns);
			Add(new XmlQualifiedName("Constraint", "urn:schemas-markthreesoftware-com:stylesheet"), Token.Constraint);
			Add(new XmlQualifiedName("Delete", "urn:schemas-markthreesoftware-com:stylesheet"), Token.Delete);
			Add(new XmlQualifiedName("Document", "urn:schemas-markthreesoftware-com:stylesheet"), Token.Document);
			Add(new XmlQualifiedName("Font", "urn:schemas-markthreesoftware-com:stylesheet"), Token.Font);
			Add(new XmlQualifiedName("Fragment", "urn:schemas-markthreesoftware-com:stylesheet"), Token.Fragment);
			Add(new XmlQualifiedName("Insert", "urn:schemas-markthreesoftware-com:stylesheet"), Token.Insert);
			Add(new XmlQualifiedName("Interior", "urn:schemas-markthreesoftware-com:stylesheet"), Token.Interior);
			Add(new XmlQualifiedName("NumberFormat", "urn:schemas-markthreesoftware-com:stylesheet"), Token.NumberFormat);
			Add(new XmlQualifiedName("Protection", "urn:schemas-markthreesoftware-com:stylesheet"), Token.Protection);
			Add(new XmlQualifiedName("Row", "urn:schemas-markthreesoftware-com:stylesheet"), Token.Row);
			Add(new XmlQualifiedName("Sort", "urn:schemas-markthreesoftware-com:stylesheet"), Token.Sort);
			Add(new XmlQualifiedName("SortColumn", "urn:schemas-markthreesoftware-com:stylesheet"), Token.SortColumn);
			Add(new XmlQualifiedName("Style", "urn:schemas-markthreesoftware-com:stylesheet"), Token.Style);
			Add(new XmlQualifiedName("Styles", "urn:schemas-markthreesoftware-com:stylesheet"), Token.Styles);
			Add(new XmlQualifiedName("Table", "urn:schemas-markthreesoftware-com:stylesheet"), Token.Table);
			Add(new XmlQualifiedName("Update", "urn:schemas-markthreesoftware-com:stylesheet"), Token.Update);
			Add(new XmlQualifiedName("View", "urn:schemas-markthreesoftware-com:stylesheet"), Token.View);
			Add(new XmlQualifiedName("apply-templates", "http://www.w3.org/1999/XSL/Transform"), Token.ApplyTemplate);
			Add(new XmlQualifiedName("attribute", "http://www.w3.org/1999/XSL/Transform"), Token.Attribute);
			Add(new XmlQualifiedName("choose", "http://www.w3.org/1999/XSL/Transform"), Token.Choose);
			Add(new XmlQualifiedName("if", "http://www.w3.org/1999/XSL/Transform"), Token.If);
			Add(new XmlQualifiedName("otherwise", "http://www.w3.org/1999/XSL/Transform"), Token.Otherwise);
			Add(new XmlQualifiedName("output", "http://www.w3.org/1999/XSL/Transform"), Token.Output);
			Add(new XmlQualifiedName("stylesheet", "http://www.w3.org/1999/XSL/Transform"), Token.Stylesheet);
			Add(new XmlQualifiedName("template", "http://www.w3.org/1999/XSL/Transform"), Token.Template);
			Add(new XmlQualifiedName("value-of", "http://www.w3.org/1999/XSL/Transform"), Token.ValueOf);
			Add(new XmlQualifiedName("variable", "http://www.w3.org/1999/XSL/Transform"), Token.Variable);
			Add(new XmlQualifiedName("when", "http://www.w3.org/1999/XSL/Transform"), Token.When);
